internal/modules/cjs/loader.js:797
    throw err;
    ^

Error: Cannot find module '@author.io/args'
Require stack:
- C:\Users\Ryan\Documents\Project TCB\Project 2022\E-Shuttlerun\Main Project\E-Shuttlerun_V.01\2. api-local-shuttlerun\node_modules\node-windows\lib\wrapper.js
    at Function.Module._resolveFilename (internal/modules/cjs/loader.js:794:15)
    at Function.Module._load (internal/modules/cjs/loader.js:687:27)
    at Module.require (internal/modules/cjs/loader.js:849:19)
    at require (internal/modules/cjs/helpers.js:74:18)
    at Object.<anonymous> (C:\Users\Ryan\Documents\Project TCB\Project 2022\E-Shuttlerun\Main Project\E-Shuttlerun_V.01\2. api-local-shuttlerun\node_modules\node-windows\lib\wrapper.js:3:12)
    at Module._compile (internal/modules/cjs/loader.js:956:30)
    at Object.Module._extensions..js (internal/modules/cjs/loader.js:973:10)
    at Module.load (internal/modules/cjs/loader.js:812:32)
    at Function.Module._load (internal/modules/cjs/loader.js:724:14)
    at Function.Module.runMain (internal/modules/cjs/loader.js:1025:10) {
  code: 'MODULE_NOT_FOUND',
  requireStack: [
    'C:\\Users\\Ryan\\Documents\\Project TCB\\Project 2022\\E-Shuttlerun\\Main Project\\E-Shuttlerun_V.01\\2. api-local-shuttlerun\\node_modules\\node-windows\\lib\\wrapper.js'
  ]
}
internal/modules/cjs/loader.js:797
    throw err;
    ^

Error: Cannot find module '@author.io/args'
Require stack:
- C:\Users\Ryan\Documents\Project TCB\Project 2022\E-Shuttlerun\Main Project\E-Shuttlerun_V.01\2. api-local-shuttlerun\node_modules\node-windows\lib\wrapper.js
    at Function.Module._resolveFilename (internal/modules/cjs/loader.js:794:15)
    at Function.Module._load (internal/modules/cjs/loader.js:687:27)
    at Module.require (internal/modules/cjs/loader.js:849:19)
    at require (internal/modules/cjs/helpers.js:74:18)
    at Object.<anonymous> (C:\Users\Ryan\Documents\Project TCB\Project 2022\E-Shuttlerun\Main Project\E-Shuttlerun_V.01\2. api-local-shuttlerun\node_modules\node-windows\lib\wrapper.js:3:12)
    at Module._compile (internal/modules/cjs/loader.js:956:30)
    at Object.Module._extensions..js (internal/modules/cjs/loader.js:973:10)
    at Module.load (internal/modules/cjs/loader.js:812:32)
    at Function.Module._load (internal/modules/cjs/loader.js:724:14)
    at Function.Module.runMain (internal/modules/cjs/loader.js:1025:10) {
  code: 'MODULE_NOT_FOUND',
  requireStack: [
    'C:\\Users\\Ryan\\Documents\\Project TCB\\Project 2022\\E-Shuttlerun\\Main Project\\E-Shuttlerun_V.01\\2. api-local-shuttlerun\\node_modules\\node-windows\\lib\\wrapper.js'
  ]
}
internal/modules/cjs/loader.js:797
    throw err;
    ^

Error: Cannot find module '@author.io/args'
Require stack:
- C:\Users\Ryan\Documents\Project TCB\Project 2022\E-Shuttlerun\Main Project\E-Shuttlerun_V.01\2. api-local-shuttlerun\node_modules\node-windows\lib\wrapper.js
    at Function.Module._resolveFilename (internal/modules/cjs/loader.js:794:15)
    at Function.Module._load (internal/modules/cjs/loader.js:687:27)
    at Module.require (internal/modules/cjs/loader.js:849:19)
    at require (internal/modules/cjs/helpers.js:74:18)
    at Object.<anonymous> (C:\Users\Ryan\Documents\Project TCB\Project 2022\E-Shuttlerun\Main Project\E-Shuttlerun_V.01\2. api-local-shuttlerun\node_modules\node-windows\lib\wrapper.js:3:12)
    at Module._compile (internal/modules/cjs/loader.js:956:30)
    at Object.Module._extensions..js (internal/modules/cjs/loader.js:973:10)
    at Module.load (internal/modules/cjs/loader.js:812:32)
    at Function.Module._load (internal/modules/cjs/loader.js:724:14)
    at Function.Module.runMain (internal/modules/cjs/loader.js:1025:10) {
  code: 'MODULE_NOT_FOUND',
  requireStack: [
    'C:\\Users\\Ryan\\Documents\\Project TCB\\Project 2022\\E-Shuttlerun\\Main Project\\E-Shuttlerun_V.01\\2. api-local-shuttlerun\\node_modules\\node-windows\\lib\\wrapper.js'
  ]
}
internal/modules/cjs/loader.js:797
    throw err;
    ^

Error: Cannot find module '@author.io/args'
Require stack:
- C:\Users\Ryan\Documents\Project TCB\Project 2022\E-Shuttlerun\Main Project\E-Shuttlerun_V.01\2. api-local-shuttlerun\node_modules\node-windows\lib\wrapper.js
    at Function.Module._resolveFilename (internal/modules/cjs/loader.js:794:15)
    at Function.Module._load (internal/modules/cjs/loader.js:687:27)
    at Module.require (internal/modules/cjs/loader.js:849:19)
    at require (internal/modules/cjs/helpers.js:74:18)
    at Object.<anonymous> (C:\Users\Ryan\Documents\Project TCB\Project 2022\E-Shuttlerun\Main Project\E-Shuttlerun_V.01\2. api-local-shuttlerun\node_modules\node-windows\lib\wrapper.js:3:12)
    at Module._compile (internal/modules/cjs/loader.js:956:30)
    at Object.Module._extensions..js (internal/modules/cjs/loader.js:973:10)
    at Module.load (internal/modules/cjs/loader.js:812:32)
    at Function.Module._load (internal/modules/cjs/loader.js:724:14)
    at Function.Module.runMain (internal/modules/cjs/loader.js:1025:10) {
  code: 'MODULE_NOT_FOUND',
  requireStack: [
    'C:\\Users\\Ryan\\Documents\\Project TCB\\Project 2022\\E-Shuttlerun\\Main Project\\E-Shuttlerun_V.01\\2. api-local-shuttlerun\\node_modules\\node-windows\\lib\\wrapper.js'
  ]
}
internal/modules/cjs/loader.js:797
    throw err;
    ^

Error: Cannot find module '@author.io/args'
Require stack:
- C:\Users\Ryan\Documents\Project TCB\Project 2022\E-Shuttlerun\Main Project\E-Shuttlerun_V.01\2. api-local-shuttlerun\node_modules\node-windows\lib\wrapper.js
    at Function.Module._resolveFilename (internal/modules/cjs/loader.js:794:15)
    at Function.Module._load (internal/modules/cjs/loader.js:687:27)
    at Module.require (internal/modules/cjs/loader.js:849:19)
    at require (internal/modules/cjs/helpers.js:74:18)
    at Object.<anonymous> (C:\Users\Ryan\Documents\Project TCB\Project 2022\E-Shuttlerun\Main Project\E-Shuttlerun_V.01\2. api-local-shuttlerun\node_modules\node-windows\lib\wrapper.js:3:12)
    at Module._compile (internal/modules/cjs/loader.js:956:30)
    at Object.Module._extensions..js (internal/modules/cjs/loader.js:973:10)
    at Module.load (internal/modules/cjs/loader.js:812:32)
    at Function.Module._load (internal/modules/cjs/loader.js:724:14)
    at Function.Module.runMain (internal/modules/cjs/loader.js:1025:10) {
  code: 'MODULE_NOT_FOUND',
  requireStack: [
    'C:\\Users\\Ryan\\Documents\\Project TCB\\Project 2022\\E-Shuttlerun\\Main Project\\E-Shuttlerun_V.01\\2. api-local-shuttlerun\\node_modules\\node-windows\\lib\\wrapper.js'
  ]
}
